<?xml version="1.0" encoding="UTF-8"?>
<!-- Generated by org.testng.reporters.JUnitReportReporter -->
<testsuite hostname="LIN76001422" failures="0" tests="2" name="MavenJavaProject.MavenJava.LogIn" time="0.018" errors="0" timestamp="2022-02-21T16:03:41 IST" skipped="0">
  <testcase classname="MavenJavaProject.MavenJava.LogIn" name="userName" time="0.002"/>
  <system-out/>
  <testcase classname="MavenJavaProject.MavenJava.LogIn" name="password" time="0.016"/>
  <system-out/>
</testsuite> <!-- MavenJavaProject.MavenJava.LogIn -->
