<?xml version="1.0" encoding="UTF-8"?>
<!-- Generated by org.testng.reporters.JUnitReportReporter -->
<testsuite hostname="LIN76001422" failures="0" tests="1" name="MavenJavaProject.MavenJava.EnterDetailsTest" time="0.000" errors="0" timestamp="2022-02-22T12:45:15 IST" skipped="0">
  <testcase classname="MavenJavaProject.MavenJava.EnterDetailsTest" name="sendName" time="0.000"/>
  <system-out/>
</testsuite> <!-- MavenJavaProject.MavenJava.EnterDetailsTest -->
