<?xml version="1.0" encoding="UTF-8"?>
<!-- Generated by org.testng.reporters.JUnitReportReporter -->
<testsuite hostname="LIN76001422" failures="0" tests="1" name="MavenJavaProject.MavenJava.LogOutTest" time="0.001" errors="0" timestamp="2022-02-22T12:45:15 IST" skipped="0">
  <testcase classname="MavenJavaProject.MavenJava.LogOutTest" name="logoutUser" time="0.001"/>
  <system-out/>
</testsuite> <!-- MavenJavaProject.MavenJava.LogOutTest -->
