<?xml version="1.0" encoding="UTF-8"?>
<!-- Generated by org.testng.reporters.JUnitReportReporter -->
<testsuite hostname="LIN76001422" failures="0" tests="1" name="MavenJavaProject.MavenJava.LogInTest" time="0.006" errors="0" timestamp="2022-02-22T12:45:15 IST" skipped="0">
  <testcase classname="MavenJavaProject.MavenJava.LogInTest" name="userName" time="0.006"/>
  <system-out/>
</testsuite> <!-- MavenJavaProject.MavenJava.LogInTest -->
